#
# There is insufficient memory for the Java Runtime Environment to continue.
# Native memory allocation (malloc) failed to allocate 1046896 bytes. Error detail: Chunk::new
# Possible reasons:
#   The system is out of physical RAM or swap space
#   This process is running with CompressedOops enabled, and the Java Heap may be blocking the growth of the native heap
# Possible solutions:
#   Reduce memory load on the system
#   Increase physical memory or swap space
#   Check if swap backing store is full
#   Decrease Java heap size (-Xmx/-Xms)
#   Decrease number of Java threads
#   Decrease Java thread stack sizes (-Xss)
#   Set larger code cache with -XX:ReservedCodeCacheSize=
#   JVM is running with Unscaled Compressed Oops mode in which the Java heap is
#     placed in the first 4GB address space. The Java Heap base address is the
#     maximum limit for the native heap growth. Please use -XX:HeapBaseMinAddress
#     to set the Java Heap base and to place the Java Heap above 4GB virtual address.
# This output file may be truncated or incomplete.
#
#  Out of Memory Error (arena.cpp:168), pid=17832, tid=8296
#
# JRE version: OpenJDK Runtime Environment Temurin-21.0.8+9 (21.0.8+9) (build 21.0.8+9-LTS)
# Java VM: OpenJDK 64-Bit Server VM Temurin-21.0.8+9 (21.0.8+9-LTS, mixed mode, sharing, tiered, compressed oops, compressed class ptrs, parallel gc, windows-amd64)
# No core dump will be written. Minidumps are not enabled by default on client versions of Windows
#

---------------  S U M M A R Y ------------

Command Line: --add-modules=ALL-SYSTEM --add-opens=java.base/java.util=ALL-UNNAMED --add-opens=java.base/java.lang=ALL-UNNAMED --add-opens=java.base/sun.nio.fs=ALL-UNNAMED -Declipse.application=org.eclipse.jdt.ls.core.id1 -Dosgi.bundles.defaultStartLevel=4 -Declipse.product=org.eclipse.jdt.ls.core.product -Djava.import.generatesMetadataFilesAtProjectRoot=false -DDetectVMInstallationsJob.disabled=true -Dfile.encoding=utf8 -XX:+UseParallelGC -XX:GCTimeRatio=4 -XX:AdaptiveSizePolicyWeight=90 -Dsun.zip.disableMemoryMapping=true -Xmx2G -Xms100m -Xlog:disable -javaagent:c:\Users\DELL\.vscode\extensions\redhat.java-1.44.0-win32-x64\lombok\lombok-1.18.39-4050.jar -XX:+HeapDumpOnOutOfMemoryError -XX:HeapDumpPath=c:\Users\DELL\AppData\Roaming\Code\User\workspaceStorage\f735cf8039545623b352e0a6feb27a3d\redhat.java -Daether.dependencyCollector.impl=bf c:\Users\DELL\.vscode\extensions\redhat.java-1.44.0-win32-x64\server\plugins\org.eclipse.equinox.launcher_1.7.0.v20250519-0528.jar -configuration c:\Users\DELL\AppData\Roaming\Code\User\globalStorage\redhat.java\1.44.0\config_win -data c:\Users\DELL\AppData\Roaming\Code\User\workspaceStorage\f735cf8039545623b352e0a6feb27a3d\redhat.java\jdt_ws --pipe=\\.\pipe\lsp-85527813696abe2d3b81903dac8c6f72-sock

Host: Intel(R) Core(TM) i5-1035G1 CPU @ 1.00GHz, 8 cores, 3G,  Windows 11 , 64 bit Build 26100 (10.0.26100.4768)
Time: Fri Aug 22 20:55:20 2025 India Standard Time elapsed time: 82.789237 seconds (0d 0h 1m 22s)

---------------  T H R E A D  ---------------

Current thread (0x0000027117037680):  JavaThread "C2 CompilerThread0" daemon [_thread_in_native, id=8296, stack(0x0000007d5e000000,0x0000007d5e100000) (1024K)]


Current CompileTask:
C2:82789 15063   !   4       org.eclipse.jdt.internal.core.search.indexing.BinaryIndexer::indexDocument (1168 bytes)

Stack: [0x0000007d5e000000,0x0000007d5e100000]
Native frames: (J=compiled Java code, j=interpreted, Vv=VM code, C=native code)
V  [jvm.dll+0x6d2449]
V  [jvm.dll+0x8ae341]
V  [jvm.dll+0x8b08be]
V  [jvm.dll+0x8b0fa3]
V  [jvm.dll+0x280c96]
V  [jvm.dll+0xc581d]
V  [jvm.dll+0xc5d53]
V  [jvm.dll+0x2f539d]
V  [jvm.dll+0x5fa00a]
V  [jvm.dll+0x252092]
V  [jvm.dll+0x25244f]
V  [jvm.dll+0x24ad14]
V  [jvm.dll+0x2483a4]
V  [jvm.dll+0x1c89ee]
V  [jvm.dll+0x257d4d]
V  [jvm.dll+0x2562ea]
V  [jvm.dll+0x3f2d16]
V  [jvm.dll+0x857e6b]
V  [jvm.dll+0x6d0b0d]
C  [ucrtbase.dll+0x37b0]
C  [KERNEL32.DLL+0x2e8d7]
C  [ntdll.dll+0x3c34c]


---------------  P R O C E S S  ---------------

Threads class SMR info:
_java_thread_list=0x00000271758d43a0, length=64, elements={
0x00000271170ae4c0, 0x000002711701ccc0, 0x000002711701f580, 0x0000027117022d50,
0x00000271170239a0, 0x000002711702a810, 0x0000027117030040, 0x0000027117037680,
0x000002711704bc00, 0x00000271703d4ce0, 0x00000271703d6720, 0x00000271703d5370,
0x00000271703d6db0, 0x00000271703d5a00, 0x00000271703d7440, 0x00000271703d6090,
0x00000271703d3fc0, 0x000002717516a840, 0x000002717516a1b0, 0x0000027175168e00,
0x0000027175169490, 0x000002717516b560, 0x0000027175168770, 0x0000027175169b20,
0x000002717516aed0, 0x00000271751680e0, 0x000002717516bbf0, 0x000002717516c280,
0x000002717516f700, 0x000002717516dcc0, 0x000002717516e9e0, 0x000002717516c910,
0x000002717516e350, 0x000002717516f070, 0x000002717516cfa0, 0x000002717516d630,
0x00000271758a0ac0, 0x00000271758a1150, 0x00000271758a3220, 0x00000271758a0430,
0x00000271758a4c60, 0x00000271758a38b0, 0x00000271758a6010, 0x00000271758a66a0,
0x00000271758a5980, 0x00000271758a3f40, 0x00000271758a45d0, 0x00000271758a52f0,
0x00000271703d4650, 0x00000271707ba220, 0x00000271707baf40, 0x00000271707b9b90,
0x00000271707bb5d0, 0x00000271707bc980, 0x00000271707bbc60, 0x00000271707b9500,
0x00000271707bc2f0, 0x00000271707bd010, 0x00000271707bd6a0, 0x00000271707ba8b0,
0x00000271707be3c0, 0x00000271707bea50, 0x00000271707bf0e0, 0x00000271707bf770
}

Java Threads: ( => current thread )
  0x00000271170ae4c0 JavaThread "main"                              [_thread_blocked, id=19740, stack(0x0000007d5d600000,0x0000007d5d700000) (1024K)]
  0x000002711701ccc0 JavaThread "Reference Handler"          daemon [_thread_blocked, id=16280, stack(0x0000007d5da00000,0x0000007d5db00000) (1024K)]
  0x000002711701f580 JavaThread "Finalizer"                  daemon [_thread_blocked, id=12116, stack(0x0000007d5db00000,0x0000007d5dc00000) (1024K)]
  0x0000027117022d50 JavaThread "Signal Dispatcher"          daemon [_thread_blocked, id=18624, stack(0x0000007d5dc00000,0x0000007d5dd00000) (1024K)]
  0x00000271170239a0 JavaThread "Attach Listener"            daemon [_thread_blocked, id=11172, stack(0x0000007d5dd00000,0x0000007d5de00000) (1024K)]
  0x000002711702a810 JavaThread "Service Thread"             daemon [_thread_blocked, id=5016, stack(0x0000007d5de00000,0x0000007d5df00000) (1024K)]
  0x0000027117030040 JavaThread "Monitor Deflation Thread"   daemon [_thread_blocked, id=9956, stack(0x0000007d5df00000,0x0000007d5e000000) (1024K)]
=>0x0000027117037680 JavaThread "C2 CompilerThread0"         daemon [_thread_in_native, id=8296, stack(0x0000007d5e000000,0x0000007d5e100000) (1024K)]
  0x000002711704bc00 JavaThread "C1 CompilerThread0"         daemon [_thread_blocked, id=10560, stack(0x0000007d5e100000,0x0000007d5e200000) (1024K)]
  0x00000271703d4ce0 JavaThread "Common-Cleaner"             daemon [_thread_blocked, id=11296, stack(0x0000007d5e200000,0x0000007d5e300000) (1024K)]
  0x00000271703d6720 JavaThread "Notification Thread"        daemon [_thread_blocked, id=21872, stack(0x0000007d5e300000,0x0000007d5e400000) (1024K)]
  0x00000271703d5370 JavaThread "Active Thread: Equinox Container: 910bce2d-b1f1-49f6-963b-98a63fb71822"        [_thread_blocked, id=368, stack(0x0000007d5eb00000,0x0000007d5ec00000) (1024K)]
  0x00000271703d6db0 JavaThread "Refresh Thread: Equinox Container: 910bce2d-b1f1-49f6-963b-98a63fb71822" daemon [_thread_blocked, id=2872, stack(0x0000007d5ed00000,0x0000007d5ee00000) (1024K)]
  0x00000271703d5a00 JavaThread "Framework Event Dispatcher: Equinox Container: 910bce2d-b1f1-49f6-963b-98a63fb71822" daemon [_thread_blocked, id=6200, stack(0x0000007d5ee00000,0x0000007d5ef00000) (1024K)]
  0x00000271703d7440 JavaThread "Start Level: Equinox Container: 910bce2d-b1f1-49f6-963b-98a63fb71822" daemon [_thread_blocked, id=20284, stack(0x0000007d5ef00000,0x0000007d5f000000) (1024K)]
  0x00000271703d6090 JavaThread "Bundle File Closer"         daemon [_thread_blocked, id=12436, stack(0x0000007d5f000000,0x0000007d5f100000) (1024K)]
  0x00000271703d3fc0 JavaThread "SCR Component Actor"        daemon [_thread_blocked, id=19896, stack(0x0000007d5f100000,0x0000007d5f200000) (1024K)]
  0x000002717516a840 JavaThread "Worker-JM"                         [_thread_blocked, id=18152, stack(0x0000007d5f300000,0x0000007d5f400000) (1024K)]
  0x000002717516a1b0 JavaThread "Worker-0"                          [_thread_blocked, id=7944, stack(0x0000007d5f400000,0x0000007d5f500000) (1024K)]
  0x0000027175168e00 JavaThread "Worker-1"                          [_thread_blocked, id=20924, stack(0x0000007d5f500000,0x0000007d5f600000) (1024K)]
  0x0000027175169490 JavaThread "Java indexing"              daemon [_thread_in_native, id=10404, stack(0x0000007d5ea00000,0x0000007d5eb00000) (1024K)]
  0x000002717516b560 JavaThread "Worker-2"                          [_thread_blocked, id=4028, stack(0x0000007d5f600000,0x0000007d5f700000) (1024K)]
  0x0000027175168770 JavaThread "Worker-3: Check JDK Index"         [_thread_blocked, id=20952, stack(0x0000007d5f700000,0x0000007d5f800000) (1024K)]
  0x0000027175169b20 JavaThread "JNA Cleaner"                daemon [_thread_blocked, id=17640, stack(0x0000007d5f800000,0x0000007d5f900000) (1024K)]
  0x000002717516aed0 JavaThread "Worker-4: Java indexing... "        [_thread_blocked, id=15764, stack(0x0000007d5fb00000,0x0000007d5fc00000) (1024K)]
  0x00000271751680e0 JavaThread "Worker-5"                          [_thread_blocked, id=2476, stack(0x0000007d5fc00000,0x0000007d5fd00000) (1024K)]
  0x000002717516bbf0 JavaThread "Thread-2"                   daemon [_thread_in_native, id=11108, stack(0x0000007d5fd00000,0x0000007d5fe00000) (1024K)]
  0x000002717516c280 JavaThread "Thread-3"                   daemon [_thread_in_native, id=3884, stack(0x0000007d5fe00000,0x0000007d5ff00000) (1024K)]
  0x000002717516f700 JavaThread "Thread-4"                   daemon [_thread_in_native, id=20488, stack(0x0000007d5ff00000,0x0000007d60000000) (1024K)]
  0x000002717516dcc0 JavaThread "Thread-5"                   daemon [_thread_in_native, id=17976, stack(0x0000007d60000000,0x0000007d60100000) (1024K)]
  0x000002717516e9e0 JavaThread "Thread-6"                   daemon [_thread_in_native, id=1596, stack(0x0000007d60100000,0x0000007d60200000) (1024K)]
  0x000002717516c910 JavaThread "Thread-7"                   daemon [_thread_in_native, id=10100, stack(0x0000007d60200000,0x0000007d60300000) (1024K)]
  0x000002717516e350 JavaThread "Thread-8"                   daemon [_thread_in_native, id=18576, stack(0x0000007d60300000,0x0000007d60400000) (1024K)]
  0x000002717516f070 JavaThread "Thread-9"                   daemon [_thread_in_native, id=4136, stack(0x0000007d60400000,0x0000007d60500000) (1024K)]
  0x000002717516cfa0 JavaThread "Thread-10"                  daemon [_thread_in_native, id=20324, stack(0x0000007d60500000,0x0000007d60600000) (1024K)]
  0x000002717516d630 JavaThread "pool-2-thread-1"                   [_thread_blocked, id=2460, stack(0x0000007d60600000,0x0000007d60700000) (1024K)]
  0x00000271758a0ac0 JavaThread "WorkspaceEventsHandler"            [_thread_blocked, id=12528, stack(0x0000007d60700000,0x0000007d60800000) (1024K)]
  0x00000271758a1150 JavaThread "pool-1-thread-1"                   [_thread_blocked, id=11164, stack(0x0000007d60800000,0x0000007d60900000) (1024K)]
  0x00000271758a3220 JavaThread "Worker-6"                          [_thread_blocked, id=5672, stack(0x0000007d5f200000,0x0000007d5f300000) (1024K)]
  0x00000271758a0430 JavaThread "LocalFile Deleter"          daemon [_thread_blocked, id=8580, stack(0x0000007d5d300000,0x0000007d5d400000) (1024K)]
  0x00000271758a4c60 JavaThread "LocalFile Deleter"          daemon [_thread_blocked, id=6580, stack(0x0000007d60b00000,0x0000007d60c00000) (1024K)]
  0x00000271758a38b0 JavaThread "LocalFile Deleter"          daemon [_thread_blocked, id=5708, stack(0x0000007d60c00000,0x0000007d60d00000) (1024K)]
  0x00000271758a6010 JavaThread "LocalFile Deleter"          daemon [_thread_blocked, id=19940, stack(0x0000007d60d00000,0x0000007d60e00000) (1024K)]
  0x00000271758a66a0 JavaThread "LocalFile Deleter"          daemon [_thread_blocked, id=22164, stack(0x0000007d60e00000,0x0000007d60f00000) (1024K)]
  0x00000271758a5980 JavaThread "LocalFile Deleter"          daemon [_thread_blocked, id=21852, stack(0x0000007d60f00000,0x0000007d61000000) (1024K)]
  0x00000271758a3f40 JavaThread "LocalFile Deleter"          daemon [_thread_blocked, id=9496, stack(0x0000007d61000000,0x0000007d61100000) (1024K)]
  0x00000271758a45d0 JavaThread "LocalFile Deleter"          daemon [_thread_blocked, id=19316, stack(0x0000007d61100000,0x0000007d61200000) (1024K)]
  0x00000271758a52f0 JavaThread "Compiler Source File Reader" daemon [_thread_blocked, id=17192, stack(0x0000007d61200000,0x0000007d61300000) (1024K)]
  0x00000271703d4650 JavaThread "Compiler Source File Reader" daemon [_thread_blocked, id=21340, stack(0x0000007d61300000,0x0000007d61400000) (1024K)]
  0x00000271707ba220 JavaThread "Compiler Source File Reader" daemon [_thread_blocked, id=17956, stack(0x0000007d61400000,0x0000007d61500000) (1024K)]
  0x00000271707baf40 JavaThread "Compiler Source File Reader" daemon [_thread_blocked, id=20724, stack(0x0000007d61500000,0x0000007d61600000) (1024K)]
  0x00000271707b9b90 JavaThread "Compiler Source File Reader" daemon [_thread_blocked, id=1500, stack(0x0000007d61600000,0x0000007d61700000) (1024K)]
  0x00000271707bb5d0 JavaThread "Compiler Source File Reader" daemon [_thread_blocked, id=19396, stack(0x0000007d61700000,0x0000007d61800000) (1024K)]
  0x00000271707bc980 JavaThread "ForkJoinPool.commonPool-worker-1" daemon [_thread_blocked, id=15068, stack(0x0000007d61800000,0x0000007d61900000) (1024K)]
  0x00000271707bbc60 JavaThread "Compiler Processing Task"   daemon [_thread_blocked, id=3720, stack(0x0000007d61900000,0x0000007d61a00000) (1024K)]
  0x00000271707b9500 JavaThread "Compiler Class File Writer" daemon [_thread_blocked, id=19748, stack(0x0000007d61a00000,0x0000007d61b00000) (1024K)]
  0x00000271707bc2f0 JavaThread "Compiler Class File Writer" daemon [_thread_blocked, id=11464, stack(0x0000007d61b00000,0x0000007d61c00000) (1024K)]
  0x00000271707bd010 JavaThread "Compiler Class File Writer" daemon [_thread_blocked, id=15824, stack(0x0000007d61c00000,0x0000007d61d00000) (1024K)]
  0x00000271707bd6a0 JavaThread "Compiler Class File Writer" daemon [_thread_blocked, id=8340, stack(0x0000007d61d00000,0x0000007d61e00000) (1024K)]
  0x00000271707ba8b0 JavaThread "Compiler Class File Writer" daemon [_thread_blocked, id=4128, stack(0x0000007d61e00000,0x0000007d61f00000) (1024K)]
  0x00000271707be3c0 JavaThread "Compiler Class File Writer" daemon [_thread_blocked, id=10480, stack(0x0000007d61f00000,0x0000007d62000000) (1024K)]
  0x00000271707bea50 JavaThread "ForkJoinPool.commonPool-worker-2" daemon [_thread_blocked, id=3240, stack(0x0000007d62000000,0x0000007d62100000) (1024K)]
  0x00000271707bf0e0 JavaThread "ForkJoinPool.commonPool-worker-3" daemon [_thread_blocked, id=10256, stack(0x0000007d62100000,0x0000007d62200000) (1024K)]
  0x00000271707bf770 JavaThread "ForkJoinPool.commonPool-worker-4" daemon [_thread_blocked, id=21720, stack(0x0000007d62200000,0x0000007d62300000) (1024K)]
Total: 64

Other Threads:
  0x000002711716e890 VMThread "VM Thread"                           [id=3852, stack(0x0000007d5d900000,0x0000007d5da00000) (1024K)]
  0x0000027117119280 WatcherThread "VM Periodic Task Thread"        [id=13896, stack(0x0000007d5d800000,0x0000007d5d900000) (1024K)]
  0x00000271170cbba0 WorkerThread "GC Thread#0"                     [id=6296, stack(0x0000007d5d700000,0x0000007d5d800000) (1024K)]
  0x0000027170c1c250 WorkerThread "GC Thread#1"                     [id=21808, stack(0x0000007d5e400000,0x0000007d5e500000) (1024K)]
  0x0000027170b80b80 WorkerThread "GC Thread#2"                     [id=19476, stack(0x0000007d5e500000,0x0000007d5e600000) (1024K)]
  0x0000027170c1c5f0 WorkerThread "GC Thread#3"                     [id=15768, stack(0x0000007d5e600000,0x0000007d5e700000) (1024K)]
  0x0000027170c1c990 WorkerThread "GC Thread#4"                     [id=18796, stack(0x0000007d5e700000,0x0000007d5e800000) (1024K)]
  0x000002717086ce40 WorkerThread "GC Thread#5"                     [id=20996, stack(0x0000007d5e800000,0x0000007d5e900000) (1024K)]
  0x0000027170799aa0 WorkerThread "GC Thread#6"                     [id=6680, stack(0x0000007d5e900000,0x0000007d5ea00000) (1024K)]
  0x0000027170c5ea70 WorkerThread "GC Thread#7"                     [id=19228, stack(0x0000007d5ec00000,0x0000007d5ed00000) (1024K)]
Total: 10

Threads with active compile tasks:
C2 CompilerThread0  82871 15063   !   4       org.eclipse.jdt.internal.core.search.indexing.BinaryIndexer::indexDocument (1168 bytes)
Total: 1

VM state: not at safepoint (normal execution)

VM Mutex/Monitor currently owned by a thread: None

Heap address: 0x0000000080000000, size: 2048 MB, Compressed Oops mode: 32-bit

CDS archive(s) mapped at: [0x000002712e000000-0x000002712eba0000-0x000002712eba0000), size 12189696, SharedBaseAddress: 0x000002712e000000, ArchiveRelocationMode: 1.
Compressed class space mapped at: 0x000002712f000000-0x000002716f000000, reserved size: 1073741824
Narrow klass base: 0x000002712e000000, Narrow klass shift: 0, Narrow klass range: 0x100000000

GC Precious Log:
 CardTable entry size: 512
 CPUs: 8 total, 8 available
 Memory: 3863M
 Large Page Support: Disabled
 NUMA Support: Disabled
 Compressed Oops: Enabled (32-bit)
 Alignments: Space 512K, Generation 512K, Heap 2M
 Heap Min Capacity: 100M
 Heap Initial Capacity: 100M
 Heap Max Capacity: 2G
 Pre-touch: Disabled
 Parallel Workers: 8

Heap:
 PSYoungGen      total 3072K, used 1202K [0x00000000d5580000, 0x00000000d5a00000, 0x0000000100000000)
  eden space 2560K, 31% used [0x00000000d5580000,0x00000000d564c970,0x00000000d5800000)
  from space 512K, 75% used [0x00000000d5900000,0x00000000d5960000,0x00000000d5980000)
  to   space 512K, 0% used [0x00000000d5980000,0x00000000d5980000,0x00000000d5a00000)
 ParOldGen       total 617984K, used 617866K [0x0000000080000000, 0x00000000a5b80000, 0x00000000d5580000)
  object space 617984K, 99% used [0x0000000080000000,0x00000000a5b62828,0x00000000a5b80000)
 Metaspace       used 73445K, committed 75072K, reserved 1179648K
  class space    used 7806K, committed 8576K, reserved 1048576K

Card table byte_map: [0x0000027116a50000,0x0000027116e60000] _byte_map_base: 0x0000027116650000

Marking Bits: (ParMarkBitMap*) 0x00007ffb0eafa340
 Begin Bits: [0x0000027129550000, 0x000002712b550000)
 End Bits:   [0x000002712b550000, 0x000002712d550000)

Polling page: 0x0000027114e40000

Metaspace:

Usage:
  Non-class:     64.10 MB used.
      Class:      7.62 MB used.
       Both:     71.72 MB used.

Virtual space:
  Non-class space:      128.00 MB reserved,      64.94 MB ( 51%) committed,  2 nodes.
      Class space:        1.00 GB reserved,       8.38 MB ( <1%) committed,  1 nodes.
             Both:        1.12 GB reserved,      73.31 MB (  6%) committed. 

Chunk freelists:
   Non-Class:  14.64 MB
       Class:  7.61 MB
        Both:  22.25 MB

MaxMetaspaceSize: unlimited
CompressedClassSpaceSize: 1.00 GB
Initial GC threshold: 21.00 MB
Current GC threshold: 97.31 MB
CDS: on
 - commit_granule_bytes: 65536.
 - commit_granule_words: 8192.
 - virtual_space_node_default_size: 8388608.
 - enlarge_chunks_in_place: 1.
 - use_allocation_guard: 0.


Internal statistics:

num_allocs_failed_limit: 9.
num_arena_births: 1312.
num_arena_deaths: 36.
num_vsnodes_births: 3.
num_vsnodes_deaths: 0.
num_space_committed: 1173.
num_space_uncommitted: 0.
num_chunks_returned_to_freelist: 54.
num_chunks_taken_from_freelist: 4671.
num_chunk_merges: 19.
num_chunk_splits: 2813.
num_chunks_enlarged: 1563.
num_inconsistent_stats: 0.

CodeHeap 'non-profiled nmethods': size=120000Kb used=8544Kb max_used=8544Kb free=111455Kb
 bounds [0x0000027121d70000, 0x00000271225d0000, 0x00000271292a0000]
CodeHeap 'profiled nmethods': size=120000Kb used=30971Kb max_used=30971Kb free=89029Kb
 bounds [0x000002711a2a0000, 0x000002711c0e0000, 0x00000271217d0000]
CodeHeap 'non-nmethods': size=5760Kb used=1486Kb max_used=1550Kb free=4273Kb
 bounds [0x00000271217d0000, 0x0000027121a40000, 0x0000027121d70000]
CodeCache: size=245760Kb, used=41001Kb, max_used=41065Kb, free=204757Kb
 total_blobs=15105, nmethods=14311, adapters=698, full_count=0
Compilation: enabled, stopped_count=0, restarted_count=0

Compilation events (20 events):
Event: 80.719 Thread 0x0000027117037680 nmethod 15056 0x00000271225c5d90 code [0x00000271225c6020, 0x00000271225c7588]
Event: 80.762 Thread 0x000002711704bc00 15057   !   3       org.eclipse.jdt.internal.core.search.indexing.BinaryIndexer::indexDocument (1168 bytes)
Event: 80.792 Thread 0x000002711704bc00 nmethod 15057 0x000002711c0ca510 code [0x000002711c0caee0, 0x000002711c0d09d0]
Event: 80.978 Thread 0x000002711704bc00 15058       3       org.eclipse.jdt.internal.compiler.util.HashtableOfIntValues::put (113 bytes)
Event: 80.979 Thread 0x000002711704bc00 nmethod 15058 0x000002711c0d4590 code [0x000002711c0d47a0, 0x000002711c0d4e20]
Event: 81.029 Thread 0x000002711704bc00 15059       3       org.eclipse.jdt.internal.compiler.classfmt.AnnotationInfo::decodeDefaultValue (871 bytes)
Event: 81.038 Thread 0x000002711704bc00 nmethod 15059 0x000002711c0d5190 code [0x000002711c0d5740, 0x000002711c0d96d8]
Event: 81.038 Thread 0x000002711704bc00 15060       3       java.lang.AbstractStringBuilder::getBytes (44 bytes)
Event: 81.038 Thread 0x000002711704bc00 nmethod 15060 0x000002711c0dab90 code [0x000002711c0dad60, 0x000002711c0db000]
Event: 81.097 Thread 0x000002711704bc00 15061       3       org.eclipse.jdt.internal.compiler.util.Util::scanTypeArgumentSignature (62 bytes)
Event: 81.098 Thread 0x000002711704bc00 nmethod 15061 0x000002711c0db110 code [0x000002711c0db340, 0x000002711c0db870]
Event: 81.108 Thread 0x000002711704bc00 15062       3       org.eclipse.jdt.internal.compiler.util.Util::scanTypeVariableSignature (60 bytes)
Event: 81.108 Thread 0x000002711704bc00 nmethod 15062 0x000002711c0dba90 code [0x000002711c0dbd20, 0x000002711c0dc6f0]
Event: 81.175 Thread 0x0000027117037680 15063   !   4       org.eclipse.jdt.internal.core.search.indexing.BinaryIndexer::indexDocument (1168 bytes)
Event: 81.289 Thread 0x000002711704bc00 15064       3       java.io.FileOutputStream::<init> (111 bytes)
Event: 81.310 Thread 0x000002711704bc00 nmethod 15064 0x000002711c0dcb10 code [0x000002711c0dcd80, 0x000002711c0dd5f0]
Event: 81.415 Thread 0x000002711704bc00 15065       3       com.google.gson.stream.JsonWriter::beforeName (49 bytes)
Event: 81.419 Thread 0x000002711704bc00 nmethod 15065 0x000002711c0dd990 code [0x000002711c0ddba0, 0x000002711c0de150]
Event: 81.977 Thread 0x000002711704bc00 15068       3       java.util.LinkedList::get (14 bytes)
Event: 81.983 Thread 0x000002711704bc00 nmethod 15068 0x000002711c0de410 code [0x000002711c0de600, 0x000002711c0dea70]

GC Heap History (20 events):
Event: 81.613 GC heap before
{Heap before GC invocations=971 (full 3):
 PSYoungGen      total 3072K, used 2944K [0x00000000d5580000, 0x00000000d5980000, 0x0000000100000000)
  eden space 2560K, 100% used [0x00000000d5580000,0x00000000d5800000,0x00000000d5800000)
  from space 512K, 75% used [0x00000000d5880000,0x00000000d58e0000,0x00000000d5900000)
  to   space 512K, 0% used [0x00000000d5900000,0x00000000d5900000,0x00000000d5980000)
 ParOldGen       total 613376K, used 613100K [0x0000000080000000, 0x00000000a5700000, 0x00000000d5580000)
  object space 613376K, 99% used [0x0000000080000000,0x00000000a56bb2d0,0x00000000a5700000)
 Metaspace       used 73445K, committed 75072K, reserved 1179648K
  class space    used 7806K, committed 8576K, reserved 1048576K
}
Event: 81.615 GC heap after
{Heap after GC invocations=971 (full 3):
 PSYoungGen      total 3072K, used 492K [0x00000000d5580000, 0x00000000d5980000, 0x0000000100000000)
  eden space 2560K, 0% used [0x00000000d5580000,0x00000000d5580000,0x00000000d5800000)
  from space 512K, 96% used [0x00000000d5900000,0x00000000d597b008,0x00000000d5980000)
  to   space 512K, 0% used [0x00000000d5880000,0x00000000d5880000,0x00000000d5900000)
 ParOldGen       total 613888K, used 613412K [0x0000000080000000, 0x00000000a5780000, 0x00000000d5580000)
  object space 613888K, 99% used [0x0000000080000000,0x00000000a57092d0,0x00000000a5780000)
 Metaspace       used 73445K, committed 75072K, reserved 1179648K
  class space    used 7806K, committed 8576K, reserved 1048576K
}
Event: 81.630 GC heap before
{Heap before GC invocations=972 (full 3):
 PSYoungGen      total 3072K, used 3050K [0x00000000d5580000, 0x00000000d5980000, 0x0000000100000000)
  eden space 2560K, 99% used [0x00000000d5580000,0x00000000d57ff920,0x00000000d5800000)
  from space 512K, 96% used [0x00000000d5900000,0x00000000d597b008,0x00000000d5980000)
  to   space 512K, 0% used [0x00000000d5880000,0x00000000d5880000,0x00000000d5900000)
 ParOldGen       total 613888K, used 613412K [0x0000000080000000, 0x00000000a5780000, 0x00000000d5580000)
  object space 613888K, 99% used [0x0000000080000000,0x00000000a57092d0,0x00000000a5780000)
 Metaspace       used 73445K, committed 75072K, reserved 1179648K
  class space    used 7806K, committed 8576K, reserved 1048576K
}
Event: 81.633 GC heap after
{Heap after GC invocations=972 (full 3):
 PSYoungGen      total 3072K, used 384K [0x00000000d5580000, 0x00000000d5980000, 0x0000000100000000)
  eden space 2560K, 0% used [0x00000000d5580000,0x00000000d5580000,0x00000000d5800000)
  from space 512K, 75% used [0x00000000d5880000,0x00000000d58e0000,0x00000000d5900000)
  to   space 512K, 0% used [0x00000000d5900000,0x00000000d5900000,0x00000000d5980000)
 ParOldGen       total 613888K, used 613816K [0x0000000080000000, 0x00000000a5780000, 0x00000000d5580000)
  object space 613888K, 99% used [0x0000000080000000,0x00000000a576e2d8,0x00000000a5780000)
 Metaspace       used 73445K, committed 75072K, reserved 1179648K
  class space    used 7806K, committed 8576K, reserved 1048576K
}
Event: 81.642 GC heap before
{Heap before GC invocations=973 (full 3):
 PSYoungGen      total 3072K, used 2919K [0x00000000d5580000, 0x00000000d5980000, 0x0000000100000000)
  eden space 2560K, 99% used [0x00000000d5580000,0x00000000d57f9f48,0x00000000d5800000)
  from space 512K, 75% used [0x00000000d5880000,0x00000000d58e0000,0x00000000d5900000)
  to   space 512K, 0% used [0x00000000d5900000,0x00000000d5900000,0x00000000d5980000)
 ParOldGen       total 613888K, used 613816K [0x0000000080000000, 0x00000000a5780000, 0x00000000d5580000)
  object space 613888K, 99% used [0x0000000080000000,0x00000000a576e2d8,0x00000000a5780000)
 Metaspace       used 73445K, committed 75072K, reserved 1179648K
  class space    used 7806K, committed 8576K, reserved 1048576K
}
Event: 81.645 GC heap after
{Heap after GC invocations=973 (full 3):
 PSYoungGen      total 3072K, used 436K [0x00000000d5580000, 0x00000000d5980000, 0x0000000100000000)
  eden space 2560K, 0% used [0x00000000d5580000,0x00000000d5580000,0x00000000d5800000)
  from space 512K, 85% used [0x00000000d5900000,0x00000000d596d220,0x00000000d5980000)
  to   space 512K, 0% used [0x00000000d5880000,0x00000000d5880000,0x00000000d5900000)
 ParOldGen       total 614400K, used 614144K [0x0000000080000000, 0x00000000a5800000, 0x00000000d5580000)
  object space 614400K, 99% used [0x0000000080000000,0x00000000a57c02d8,0x00000000a5800000)
 Metaspace       used 73445K, committed 75072K, reserved 1179648K
  class space    used 7806K, committed 8576K, reserved 1048576K
}
Event: 81.654 GC heap before
{Heap before GC invocations=974 (full 3):
 PSYoungGen      total 3072K, used 2996K [0x00000000d5580000, 0x00000000d5980000, 0x0000000100000000)
  eden space 2560K, 100% used [0x00000000d5580000,0x00000000d5800000,0x00000000d5800000)
  from space 512K, 85% used [0x00000000d5900000,0x00000000d596d220,0x00000000d5980000)
  to   space 512K, 0% used [0x00000000d5880000,0x00000000d5880000,0x00000000d5900000)
 ParOldGen       total 614400K, used 614144K [0x0000000080000000, 0x00000000a5800000, 0x00000000d5580000)
  object space 614400K, 99% used [0x0000000080000000,0x00000000a57c02d8,0x00000000a5800000)
 Metaspace       used 73445K, committed 75072K, reserved 1179648K
  class space    used 7806K, committed 8576K, reserved 1048576K
}
Event: 81.655 GC heap after
{Heap after GC invocations=974 (full 3):
 PSYoungGen      total 3072K, used 448K [0x00000000d5580000, 0x00000000d5980000, 0x0000000100000000)
  eden space 2560K, 0% used [0x00000000d5580000,0x00000000d5580000,0x00000000d5800000)
  from space 512K, 87% used [0x00000000d5880000,0x00000000d58f0000,0x00000000d5900000)
  to   space 512K, 0% used [0x00000000d5900000,0x00000000d5900000,0x00000000d5980000)
 ParOldGen       total 614912K, used 614440K [0x0000000080000000, 0x00000000a5880000, 0x00000000d5580000)
  object space 614912K, 99% used [0x0000000080000000,0x00000000a580a2d8,0x00000000a5880000)
 Metaspace       used 73445K, committed 75072K, reserved 1179648K
  class space    used 7806K, committed 8576K, reserved 1048576K
}
Event: 81.664 GC heap before
{Heap before GC invocations=975 (full 3):
 PSYoungGen      total 3072K, used 3008K [0x00000000d5580000, 0x00000000d5980000, 0x0000000100000000)
  eden space 2560K, 100% used [0x00000000d5580000,0x00000000d5800000,0x00000000d5800000)
  from space 512K, 87% used [0x00000000d5880000,0x00000000d58f0000,0x00000000d5900000)
  to   space 512K, 0% used [0x00000000d5900000,0x00000000d5900000,0x00000000d5980000)
 ParOldGen       total 614912K, used 614440K [0x0000000080000000, 0x00000000a5880000, 0x00000000d5580000)
  object space 614912K, 99% used [0x0000000080000000,0x00000000a580a2d8,0x00000000a5880000)
 Metaspace       used 73445K, committed 75072K, reserved 1179648K
  class space    used 7806K, committed 8576K, reserved 1048576K
}
Event: 81.667 GC heap after
{Heap after GC invocations=975 (full 3):
 PSYoungGen      total 3072K, used 484K [0x00000000d5580000, 0x00000000d5a00000, 0x0000000100000000)
  eden space 2560K, 0% used [0x00000000d5580000,0x00000000d5580000,0x00000000d5800000)
  from space 512K, 94% used [0x00000000d5900000,0x00000000d5979020,0x00000000d5980000)
  to   space 1024K, 0% used [0x00000000d5800000,0x00000000d5800000,0x00000000d5900000)
 ParOldGen       total 614912K, used 614768K [0x0000000080000000, 0x00000000a5880000, 0x00000000d5580000)
  object space 614912K, 99% used [0x0000000080000000,0x00000000a585c2d8,0x00000000a5880000)
 Metaspace       used 73445K, committed 75072K, reserved 1179648K
  class space    used 7806K, committed 8576K, reserved 1048576K
}
Event: 81.677 GC heap before
{Heap before GC invocations=976 (full 3):
 PSYoungGen      total 3072K, used 3044K [0x00000000d5580000, 0x00000000d5a00000, 0x0000000100000000)
  eden space 2560K, 100% used [0x00000000d5580000,0x00000000d5800000,0x00000000d5800000)
  from space 512K, 94% used [0x00000000d5900000,0x00000000d5979020,0x00000000d5980000)
  to   space 1024K, 0% used [0x00000000d5800000,0x00000000d5800000,0x00000000d5900000)
 ParOldGen       total 614912K, used 614768K [0x0000000080000000, 0x00000000a5880000, 0x00000000d5580000)
  object space 614912K, 99% used [0x0000000080000000,0x00000000a585c2d8,0x00000000a5880000)
 Metaspace       used 73445K, committed 75072K, reserved 1179648K
  class space    used 7806K, committed 8576K, reserved 1048576K
}
Event: 81.679 GC heap after
{Heap after GC invocations=976 (full 3):
 PSYoungGen      total 3584K, used 352K [0x00000000d5580000, 0x00000000d5a00000, 0x0000000100000000)
  eden space 2560K, 0% used [0x00000000d5580000,0x00000000d5580000,0x00000000d5800000)
  from space 1024K, 34% used [0x00000000d5800000,0x00000000d5858000,0x00000000d5900000)
  to   space 1024K, 0% used [0x00000000d5900000,0x00000000d5900000,0x00000000d5a00000)
 ParOldGen       total 615424K, used 615119K [0x0000000080000000, 0x00000000a5900000, 0x00000000d5580000)
  object space 615424K, 99% used [0x0000000080000000,0x00000000a58b3de0,0x00000000a5900000)
 Metaspace       used 73445K, committed 75072K, reserved 1179648K
  class space    used 7806K, committed 8576K, reserved 1048576K
}
Event: 81.691 GC heap before
{Heap before GC invocations=977 (full 3):
 PSYoungGen      total 3584K, used 2912K [0x00000000d5580000, 0x00000000d5a00000, 0x0000000100000000)
  eden space 2560K, 100% used [0x00000000d5580000,0x00000000d5800000,0x00000000d5800000)
  from space 1024K, 34% used [0x00000000d5800000,0x00000000d5858000,0x00000000d5900000)
  to   space 1024K, 0% used [0x00000000d5900000,0x00000000d5900000,0x00000000d5a00000)
 ParOldGen       total 615424K, used 615119K [0x0000000080000000, 0x00000000a5900000, 0x00000000d5580000)
  object space 615424K, 99% used [0x0000000080000000,0x00000000a58b3de0,0x00000000a5900000)
 Metaspace       used 73445K, committed 75072K, reserved 1179648K
  class space    used 7806K, committed 8576K, reserved 1048576K
}
Event: 81.694 GC heap after
{Heap after GC invocations=977 (full 3):
 PSYoungGen      total 3072K, used 416K [0x00000000d5580000, 0x00000000d5980000, 0x0000000100000000)
  eden space 2560K, 0% used [0x00000000d5580000,0x00000000d5580000,0x00000000d5800000)
  from space 512K, 81% used [0x00000000d5900000,0x00000000d5968000,0x00000000d5980000)
  to   space 512K, 0% used [0x00000000d5880000,0x00000000d5880000,0x00000000d5900000)
 ParOldGen       total 615424K, used 615407K [0x0000000080000000, 0x00000000a5900000, 0x00000000d5580000)
  object space 615424K, 99% used [0x0000000080000000,0x00000000a58fbde0,0x00000000a5900000)
 Metaspace       used 73445K, committed 75072K, reserved 1179648K
  class space    used 7806K, committed 8576K, reserved 1048576K
}
Event: 81.707 GC heap before
{Heap before GC invocations=978 (full 3):
 PSYoungGen      total 3072K, used 2976K [0x00000000d5580000, 0x00000000d5980000, 0x0000000100000000)
  eden space 2560K, 100% used [0x00000000d5580000,0x00000000d5800000,0x00000000d5800000)
  from space 512K, 81% used [0x00000000d5900000,0x00000000d5968000,0x00000000d5980000)
  to   space 512K, 0% used [0x00000000d5880000,0x00000000d5880000,0x00000000d5900000)
 ParOldGen       total 615424K, used 615407K [0x0000000080000000, 0x00000000a5900000, 0x00000000d5580000)
  object space 615424K, 99% used [0x0000000080000000,0x00000000a58fbde0,0x00000000a5900000)
 Metaspace       used 73445K, committed 75072K, reserved 1179648K
  class space    used 7806K, committed 8576K, reserved 1048576K
}
Event: 81.710 GC heap after
{Heap after GC invocations=978 (full 3):
 PSYoungGen      total 3072K, used 420K [0x00000000d5580000, 0x00000000d5980000, 0x0000000100000000)
  eden space 2560K, 0% used [0x00000000d5580000,0x00000000d5580000,0x00000000d5800000)
  from space 512K, 82% used [0x00000000d5880000,0x00000000d58e92b8,0x00000000d5900000)
  to   space 512K, 0% used [0x00000000d5900000,0x00000000d5900000,0x00000000d5980000)
 ParOldGen       total 615936K, used 615743K [0x0000000080000000, 0x00000000a5980000, 0x00000000d5580000)
  object space 615936K, 99% used [0x0000000080000000,0x00000000a594fde0,0x00000000a5980000)
 Metaspace       used 73445K, committed 75072K, reserved 1179648K
  class space    used 7806K, committed 8576K, reserved 1048576K
}
Event: 81.724 GC heap before
{Heap before GC invocations=979 (full 3):
 PSYoungGen      total 3072K, used 2980K [0x00000000d5580000, 0x00000000d5980000, 0x0000000100000000)
  eden space 2560K, 100% used [0x00000000d5580000,0x00000000d5800000,0x00000000d5800000)
  from space 512K, 82% used [0x00000000d5880000,0x00000000d58e92b8,0x00000000d5900000)
  to   space 512K, 0% used [0x00000000d5900000,0x00000000d5900000,0x00000000d5980000)
 ParOldGen       total 615936K, used 615743K [0x0000000080000000, 0x00000000a5980000, 0x00000000d5580000)
  object space 615936K, 99% used [0x0000000080000000,0x00000000a594fde0,0x00000000a5980000)
 Metaspace       used 73445K, committed 75072K, reserved 1179648K
  class space    used 7806K, committed 8576K, reserved 1048576K
}
Event: 81.727 GC heap after
{Heap after GC invocations=979 (full 3):
 PSYoungGen      total 3072K, used 502K [0x00000000d5580000, 0x00000000d5a00000, 0x0000000100000000)
  eden space 2560K, 0% used [0x00000000d5580000,0x00000000d5580000,0x00000000d5800000)
  from space 512K, 98% used [0x00000000d5900000,0x00000000d597da08,0x00000000d5980000)
  to   space 1024K, 0% used [0x00000000d5800000,0x00000000d5800000,0x00000000d5900000)
 ParOldGen       total 616448K, used 616039K [0x0000000080000000, 0x00000000a5a00000, 0x00000000d5580000)
  object space 616448K, 99% used [0x0000000080000000,0x00000000a5999de0,0x00000000a5a00000)
 Metaspace       used 73445K, committed 75072K, reserved 1179648K
  class space    used 7806K, committed 8576K, reserved 1048576K
}
Event: 81.768 GC heap before
{Heap before GC invocations=980 (full 3):
 PSYoungGen      total 3072K, used 3056K [0x00000000d5580000, 0x00000000d5a00000, 0x0000000100000000)
  eden space 2560K, 99% used [0x00000000d5580000,0x00000000d57fe6e8,0x00000000d5800000)
  from space 512K, 98% used [0x00000000d5900000,0x00000000d597da08,0x00000000d5980000)
  to   space 1024K, 0% used [0x00000000d5800000,0x00000000d5800000,0x00000000d5900000)
 ParOldGen       total 616448K, used 616039K [0x0000000080000000, 0x00000000a5a00000, 0x00000000d5580000)
  object space 616448K, 99% used [0x0000000080000000,0x00000000a5999de0,0x00000000a5a00000)
 Metaspace       used 73445K, committed 75072K, reserved 1179648K
  class space    used 7806K, committed 8576K, reserved 1048576K
}
Event: 81.771 GC heap after
{Heap after GC invocations=980 (full 3):
 PSYoungGen      total 3584K, used 1000K [0x00000000d5580000, 0x00000000d5c00000, 0x0000000100000000)
  eden space 2560K, 0% used [0x00000000d5580000,0x00000000d5580000,0x00000000d5800000)
  from space 1024K, 97% used [0x00000000d5800000,0x00000000d58fa200,0x00000000d5900000)
  to   space 2048K, 0% used [0x00000000d5a00000,0x00000000d5a00000,0x00000000d5c00000)
 ParOldGen       total 616960K, used 616677K [0x0000000080000000, 0x00000000a5a80000, 0x00000000d5580000)
  object space 616960K, 99% used [0x0000000080000000,0x00000000a5a39688,0x00000000a5a80000)
 Metaspace       used 73445K, committed 75072K, reserved 1179648K
  class space    used 7806K, committed 8576K, reserved 1048576K
}

Dll operation events (14 events):
Event: 0.039 Loaded shared library c:\Users\DELL\.vscode\extensions\redhat.java-1.44.0-win32-x64\jre\21.0.8-win32-x86_64\bin\java.dll
Event: 0.524 Loaded shared library c:\Users\DELL\.vscode\extensions\redhat.java-1.44.0-win32-x64\jre\21.0.8-win32-x86_64\bin\zip.dll
Event: 0.618 Loaded shared library C:\Users\DELL\.vscode\extensions\redhat.java-1.44.0-win32-x64\jre\21.0.8-win32-x86_64\bin\instrument.dll
Event: 0.633 Loaded shared library C:\Users\DELL\.vscode\extensions\redhat.java-1.44.0-win32-x64\jre\21.0.8-win32-x86_64\bin\net.dll
Event: 0.644 Loaded shared library C:\Users\DELL\.vscode\extensions\redhat.java-1.44.0-win32-x64\jre\21.0.8-win32-x86_64\bin\nio.dll
Event: 0.685 Loaded shared library C:\Users\DELL\.vscode\extensions\redhat.java-1.44.0-win32-x64\jre\21.0.8-win32-x86_64\bin\zip.dll
Event: 0.834 Loaded shared library C:\Users\DELL\.vscode\extensions\redhat.java-1.44.0-win32-x64\jre\21.0.8-win32-x86_64\bin\jimage.dll
Event: 1.368 Loaded shared library c:\Users\DELL\.vscode\extensions\redhat.java-1.44.0-win32-x64\jre\21.0.8-win32-x86_64\bin\verify.dll
Event: 11.825 Loaded shared library C:\Users\DELL\AppData\Roaming\Code\User\globalStorage\redhat.java\1.44.0\config_win\org.eclipse.equinox.launcher\org.eclipse.equinox.launcher.win32.win32.x86_64_1.2.1400.v20250730-1736\eclipse_11913.dll
Event: 14.111 Loaded shared library C:\Users\DELL\.vscode\extensions\redhat.java-1.44.0-win32-x64\jre\21.0.8-win32-x86_64\bin\management.dll
Event: 14.115 Loaded shared library C:\Users\DELL\.vscode\extensions\redhat.java-1.44.0-win32-x64\jre\21.0.8-win32-x86_64\bin\management_ext.dll
Event: 16.406 Loaded shared library C:\Users\DELL\AppData\Local\Temp\jna-2094529\jna12061251293092645468.dll
Event: 16.618 Loaded shared library C:\Users\DELL\.vscode\extensions\redhat.java-1.44.0-win32-x64\jre\21.0.8-win32-x86_64\bin\sunmscapi.dll
Event: 17.346 Loaded shared library C:\Users\DELL\.vscode\extensions\redhat.java-1.44.0-win32-x64\jre\21.0.8-win32-x86_64\bin\extnet.dll

Deoptimization events (20 events):
Event: 70.140 Thread 0x00000271751680e0 DEOPT PACKING pc=0x000002711ac6567e sp=0x0000007d5fcfed60
Event: 70.141 Thread 0x00000271751680e0 DEOPT UNPACKING pc=0x00000271218278e2 sp=0x0000007d5fcfe1d0 mode 0
Event: 70.673 Thread 0x0000027175169490 Uncommon trap: trap_request=0xffffff45 fr.pc=0x0000027122560ffc relative=0x000000000000049c
Event: 70.673 Thread 0x0000027175169490 Uncommon trap: reason=unstable_if action=reinterpret pc=0x0000027122560ffc method=org.eclipse.jdt.internal.compiler.classfmt.MethodInfo.decodeMethodAnnotations(IZLorg/eclipse/jdt/internal/compiler/classfmt/MethodInfo;)[Lorg/eclipse/jdt/internal/compiler/c
Event: 70.673 Thread 0x0000027175169490 DEOPT PACKING pc=0x0000027122560ffc sp=0x0000007d5eafeb70
Event: 70.673 Thread 0x0000027175169490 DEOPT UNPACKING pc=0x0000027121826da2 sp=0x0000007d5eafeb08 mode 2
Event: 71.220 Thread 0x0000027175169490 Uncommon trap: trap_request=0xffffff45 fr.pc=0x0000027122580eb4 relative=0x00000000000017b4
Event: 71.220 Thread 0x0000027175169490 Uncommon trap: reason=unstable_if action=reinterpret pc=0x0000027122580eb4 method=org.eclipse.jdt.internal.compiler.classfmt.FieldInfo.createField([B[IIJ)Lorg/eclipse/jdt/internal/compiler/classfmt/FieldInfo; @ 259 c2
Event: 71.221 Thread 0x0000027175169490 DEOPT PACKING pc=0x0000027122580eb4 sp=0x0000007d5eafebe0
Event: 71.221 Thread 0x0000027175169490 DEOPT UNPACKING pc=0x0000027121826da2 sp=0x0000007d5eafeb68 mode 2
Event: 72.402 Thread 0x0000027175169490 DEOPT PACKING pc=0x000002711be13a19 sp=0x0000007d5eafeba0
Event: 72.402 Thread 0x0000027175169490 DEOPT UNPACKING pc=0x00000271218278e2 sp=0x0000007d5eafdff0 mode 0
Event: 80.577 Thread 0x0000027175169490 Uncommon trap: trap_request=0xffffff45 fr.pc=0x000002712258c038 relative=0x0000000000001db8
Event: 80.578 Thread 0x0000027175169490 Uncommon trap: reason=unstable_if action=reinterpret pc=0x000002712258c038 method=org.eclipse.jdt.internal.compiler.classfmt.AnnotationInfo.decodeDefaultValue()Ljava/lang/Object; @ 24 c2
Event: 80.578 Thread 0x0000027175169490 DEOPT PACKING pc=0x000002712258c038 sp=0x0000007d5eafeab0
Event: 80.578 Thread 0x0000027175169490 DEOPT UNPACKING pc=0x0000027121826da2 sp=0x0000007d5eafea50 mode 2
Event: 80.753 Thread 0x0000027175169490 Uncommon trap: trap_request=0xffffff45 fr.pc=0x000002712259d550 relative=0x0000000000003d70
Event: 80.753 Thread 0x0000027175169490 Uncommon trap: reason=unstable_if action=reinterpret pc=0x000002712259d550 method=org.eclipse.jdt.internal.core.search.indexing.BinaryIndexer.indexDocument()V @ 315 c2
Event: 80.753 Thread 0x0000027175169490 DEOPT PACKING pc=0x000002712259d550 sp=0x0000007d5eafed50
Event: 80.753 Thread 0x0000027175169490 DEOPT UNPACKING pc=0x0000027121826da2 sp=0x0000007d5eafecc0 mode 2

Classes loaded (20 events):
Event: 32.056 Loading class java/util/Hashtable$ValueCollection
Event: 32.057 Loading class java/util/Hashtable$ValueCollection done
Event: 32.068 Loading class java/util/concurrent/ConcurrentHashMap$KeySpliterator
Event: 32.069 Loading class java/util/concurrent/ConcurrentHashMap$KeySpliterator done
Event: 33.009 Loading class jdk/internal/module/IllegalAccessLogger
Event: 33.009 Loading class jdk/internal/module/IllegalAccessLogger done
Event: 33.486 Loading class java/io/CharArrayWriter
Event: 33.487 Loading class java/io/CharArrayWriter done
Event: 33.519 Loading class java/nio/file/attribute/PosixFileAttributes
Event: 33.521 Loading class java/nio/file/attribute/PosixFileAttributes done
Event: 36.677 Loading class java/util/concurrent/CompletableFuture$UniApply
Event: 36.677 Loading class java/util/concurrent/CompletableFuture$UniApply done
Event: 36.679 Loading class java/util/concurrent/CompletableFuture$UniExceptionally
Event: 36.680 Loading class java/util/concurrent/CompletableFuture$UniExceptionally done
Event: 50.423 Loading class java/util/HashMap$EntrySpliterator
Event: 50.502 Loading class java/util/HashMap$EntrySpliterator done
Event: 54.667 Loading class jdk/internal/module/IllegalAccessLogger
Event: 54.668 Loading class jdk/internal/module/IllegalAccessLogger done
Event: 57.522 Loading class jdk/internal/module/IllegalAccessLogger
Event: 57.522 Loading class jdk/internal/module/IllegalAccessLogger done

Classes unloaded (18 events):
Event: 15.178 Thread 0x000002711716e890 Unloading class 0x000002712f1aa800 'java/lang/invoke/LambdaForm$MH+0x000002712f1aa800'
Event: 15.178 Thread 0x000002711716e890 Unloading class 0x000002712f1aa400 'java/lang/invoke/LambdaForm$MH+0x000002712f1aa400'
Event: 15.178 Thread 0x000002711716e890 Unloading class 0x000002712f1aa000 'java/lang/invoke/LambdaForm$MH+0x000002712f1aa000'
Event: 15.178 Thread 0x000002711716e890 Unloading class 0x000002712f1a9c00 'java/lang/invoke/LambdaForm$MH+0x000002712f1a9c00'
Event: 15.178 Thread 0x000002711716e890 Unloading class 0x000002712f1a9800 'java/lang/invoke/LambdaForm$BMH+0x000002712f1a9800'
Event: 15.178 Thread 0x000002711716e890 Unloading class 0x000002712f1a9400 'java/lang/invoke/LambdaForm$DMH+0x000002712f1a9400'
Event: 15.178 Thread 0x000002711716e890 Unloading class 0x000002712f1a8000 'java/lang/invoke/LambdaForm$DMH+0x000002712f1a8000'
Event: 16.824 Thread 0x000002711716e890 Unloading class 0x000002712f301800 'java/lang/invoke/LambdaForm$MH+0x000002712f301800'
Event: 16.824 Thread 0x000002711716e890 Unloading class 0x000002712f300c00 'java/lang/invoke/LambdaForm$MH+0x000002712f300c00'
Event: 16.824 Thread 0x000002711716e890 Unloading class 0x000002712f300400 'java/lang/invoke/LambdaForm$MH+0x000002712f300400'
Event: 16.824 Thread 0x000002711716e890 Unloading class 0x000002712f300000 'java/lang/invoke/LambdaForm$MH+0x000002712f300000'
Event: 16.824 Thread 0x000002711716e890 Unloading class 0x000002712f2fd800 'java/lang/invoke/LambdaForm$DMH+0x000002712f2fd800'
Event: 16.824 Thread 0x000002711716e890 Unloading class 0x000002712f2fcc00 'java/lang/invoke/LambdaForm$MH+0x000002712f2fcc00'
Event: 27.190 Thread 0x000002711716e890 Unloading class 0x000002712f668400 'java/lang/invoke/LambdaForm$DMH+0x000002712f668400'
Event: 27.190 Thread 0x000002711716e890 Unloading class 0x000002712f668800 'java/lang/invoke/LambdaForm$DMH+0x000002712f668800'
Event: 27.190 Thread 0x000002711716e890 Unloading class 0x000002712f668c00 'java/lang/invoke/LambdaForm$DMH+0x000002712f668c00'
Event: 27.190 Thread 0x000002711716e890 Unloading class 0x000002712f668000 'java/lang/invoke/LambdaForm$DMH+0x000002712f668000'
Event: 27.190 Thread 0x000002711716e890 Unloading class 0x000002712f5f4400 'java/lang/invoke/LambdaForm$DMH+0x000002712f5f4400'

Classes redefined (0 events):
No events

Internal exceptions (20 events):
Event: 66.690 Thread 0x0000027175169490 Exception <a 'sun/nio/fs/WindowsException'{0x00000000d5730b10}> (0x00000000d5730b10) 
thrown [s\src\hotspot\share\prims\jni.cpp, line 520]
Event: 69.905 Thread 0x0000027175169490 Exception <a 'sun/nio/fs/WindowsException'{0x00000000d55cfe60}> (0x00000000d55cfe60) 
thrown [s\src\hotspot\share\prims\jni.cpp, line 520]
Event: 70.030 Thread 0x0000027175169490 Exception <a 'sun/nio/fs/WindowsException'{0x00000000d571f018}> (0x00000000d571f018) 
thrown [s\src\hotspot\share\prims\jni.cpp, line 520]
Event: 70.069 Thread 0x0000027175169490 Exception <a 'sun/nio/fs/WindowsException'{0x00000000d55ceec0}> (0x00000000d55ceec0) 
thrown [s\src\hotspot\share\prims\jni.cpp, line 520]
Event: 70.137 Thread 0x0000027175169490 Exception <a 'sun/nio/fs/WindowsException'{0x00000000d56a9d00}> (0x00000000d56a9d00) 
thrown [s\src\hotspot\share\prims\jni.cpp, line 520]
Event: 70.214 Thread 0x0000027175169490 Exception <a 'sun/nio/fs/WindowsException'{0x00000000d576e450}> (0x00000000d576e450) 
thrown [s\src\hotspot\share\prims\jni.cpp, line 520]
Event: 70.525 Thread 0x0000027175169490 Exception <a 'sun/nio/fs/WindowsException'{0x00000000d5756c30}> (0x00000000d5756c30) 
thrown [s\src\hotspot\share\prims\jni.cpp, line 520]
Event: 70.602 Thread 0x0000027175169490 Exception <a 'sun/nio/fs/WindowsException'{0x00000000d55a1168}> (0x00000000d55a1168) 
thrown [s\src\hotspot\share\prims\jni.cpp, line 520]
Event: 73.757 Thread 0x0000027175169490 Exception <a 'sun/nio/fs/WindowsException'{0x00000000d55aa1d8}> (0x00000000d55aa1d8) 
thrown [s\src\hotspot\share\prims\jni.cpp, line 520]
Event: 76.236 Thread 0x0000027175169490 Exception <a 'sun/nio/fs/WindowsException'{0x00000000d56f6100}> (0x00000000d56f6100) 
thrown [s\src\hotspot\share\prims\jni.cpp, line 520]
Event: 76.316 Thread 0x0000027175169490 Exception <a 'sun/nio/fs/WindowsException'{0x00000000d566f540}> (0x00000000d566f540) 
thrown [s\src\hotspot\share\prims\jni.cpp, line 520]
Event: 76.339 Thread 0x0000027175169490 Exception <a 'sun/nio/fs/WindowsException'{0x00000000d5714a48}> (0x00000000d5714a48) 
thrown [s\src\hotspot\share\prims\jni.cpp, line 520]
Event: 76.365 Thread 0x0000027175169490 Exception <a 'sun/nio/fs/WindowsException'{0x00000000d57334d8}> (0x00000000d57334d8) 
thrown [s\src\hotspot\share\prims\jni.cpp, line 520]
Event: 76.390 Thread 0x0000027175169490 Exception <a 'sun/nio/fs/WindowsException'{0x00000000d55b7548}> (0x00000000d55b7548) 
thrown [s\src\hotspot\share\prims\jni.cpp, line 520]
Event: 76.398 Thread 0x0000027175169490 Exception <a 'sun/nio/fs/WindowsException'{0x00000000d55f9c10}> (0x00000000d55f9c10) 
thrown [s\src\hotspot\share\prims\jni.cpp, line 520]
Event: 80.528 Thread 0x0000027175169490 Exception <a 'sun/nio/fs/WindowsException'{0x00000000d55ff548}> (0x00000000d55ff548) 
thrown [s\src\hotspot\share\prims\jni.cpp, line 520]
Event: 81.020 Thread 0x0000027175169490 Exception <a 'sun/nio/fs/WindowsException'{0x00000000d559fc48}> (0x00000000d559fc48) 
thrown [s\src\hotspot\share\prims\jni.cpp, line 520]
Event: 81.371 Thread 0x0000027175169490 Exception <a 'sun/nio/fs/WindowsException'{0x00000000d56233c0}> (0x00000000d56233c0) 
thrown [s\src\hotspot\share\prims\jni.cpp, line 520]
Event: 81.464 Thread 0x0000027175169490 Exception <a 'sun/nio/fs/WindowsException'{0x00000000d561e750}> (0x00000000d561e750) 
thrown [s\src\hotspot\share\prims\jni.cpp, line 520]
Event: 81.826 Thread 0x0000027175169490 Exception <a 'sun/nio/fs/WindowsException'{0x00000000d55f9350}> (0x00000000d55f9350) 
thrown [s\src\hotspot\share\prims\jni.cpp, line 520]

ZGC Phase Switch (0 events):
No events

VM Operations (20 events):
Event: 81.630 Executing VM operation: ParallelGCFailedAllocation (Allocation Failure)
Event: 81.633 Executing VM operation: ParallelGCFailedAllocation (Allocation Failure) done
Event: 81.642 Executing VM operation: ParallelGCFailedAllocation (Allocation Failure)
Event: 81.645 Executing VM operation: ParallelGCFailedAllocation (Allocation Failure) done
Event: 81.654 Executing VM operation: ParallelGCFailedAllocation (Allocation Failure)
Event: 81.656 Executing VM operation: ParallelGCFailedAllocation (Allocation Failure) done
Event: 81.664 Executing VM operation: ParallelGCFailedAllocation (Allocation Failure)
Event: 81.667 Executing VM operation: ParallelGCFailedAllocation (Allocation Failure) done
Event: 81.677 Executing VM operation: ParallelGCFailedAllocation (Allocation Failure)
Event: 81.679 Executing VM operation: ParallelGCFailedAllocation (Allocation Failure) done
Event: 81.691 Executing VM operation: ParallelGCFailedAllocation (Allocation Failure)
Event: 81.694 Executing VM operation: ParallelGCFailedAllocation (Allocation Failure) done
Event: 81.707 Executing VM operation: ParallelGCFailedAllocation (Allocation Failure)
Event: 81.710 Executing VM operation: ParallelGCFailedAllocation (Allocation Failure) done
Event: 81.724 Executing VM operation: ParallelGCFailedAllocation (Allocation Failure)
Event: 81.727 Executing VM operation: ParallelGCFailedAllocation (Allocation Failure) done
Event: 81.768 Executing VM operation: ParallelGCFailedAllocation (Allocation Failure)
Event: 81.771 Executing VM operation: ParallelGCFailedAllocation (Allocation Failure) done
Event: 82.781 Executing VM operation: Cleanup
Event: 82.781 Executing VM operation: Cleanup done

Memory protections (0 events):
No events

Nmethod flushes (20 events):
Event: 27.205 Thread 0x000002711716e890 flushing  nmethod 0x000002711ab7bb10
Event: 27.205 Thread 0x000002711716e890 flushing  nmethod 0x000002711ab7ca10
Event: 27.205 Thread 0x000002711716e890 flushing  nmethod 0x000002711ab7ce10
Event: 27.205 Thread 0x000002711716e890 flushing  nmethod 0x000002711ab7d190
Event: 27.205 Thread 0x000002711716e890 flushing  nmethod 0x000002711ab82490
Event: 27.205 Thread 0x000002711716e890 flushing  nmethod 0x000002711ab8b510
Event: 27.205 Thread 0x000002711716e890 flushing  nmethod 0x000002711ab8c010
Event: 27.205 Thread 0x000002711716e890 flushing  nmethod 0x000002711ab8c910
Event: 27.205 Thread 0x000002711716e890 flushing  nmethod 0x000002711ab94b10
Event: 27.205 Thread 0x000002711716e890 flushing  nmethod 0x000002711ab95c10
Event: 27.205 Thread 0x000002711716e890 flushing  nmethod 0x000002711ab96010
Event: 27.205 Thread 0x000002711716e890 flushing  nmethod 0x000002711ab96390
Event: 27.205 Thread 0x000002711716e890 flushing  nmethod 0x000002711ab96910
Event: 27.205 Thread 0x000002711716e890 flushing  nmethod 0x000002711ab96d10
Event: 27.205 Thread 0x000002711716e890 flushing  nmethod 0x000002711ab9a690
Event: 27.205 Thread 0x000002711716e890 flushing  nmethod 0x000002711ab9aa90
Event: 27.205 Thread 0x000002711716e890 flushing  nmethod 0x000002711ab9b410
Event: 27.205 Thread 0x000002711716e890 flushing  nmethod 0x000002711aba4a10
Event: 27.205 Thread 0x000002711716e890 flushing  nmethod 0x000002711abb7d90
Event: 27.205 Thread 0x000002711716e890 flushing  nmethod 0x000002711abf3990

Events (20 events):
Event: 32.215 Thread 0x000002717516b560 Thread added: 0x00000271707bd010
Event: 32.231 Thread 0x000002717516b560 Thread added: 0x00000271707bd6a0
Event: 32.255 Thread 0x000002717516b560 Thread added: 0x00000271707ba8b0
Event: 32.278 Thread 0x000002717516b560 Thread added: 0x00000271707be3c0
Event: 33.251 Thread 0x000002717516b560 Thread added: 0x00000271707bf770
Event: 33.252 Thread 0x000002717516b560 Thread added: 0x00000271707c0490
Event: 33.252 Thread 0x000002717516b560 Thread added: 0x00000271707bea50
Event: 33.252 Thread 0x000002717516b560 Thread added: 0x00000271707bf0e0
Event: 33.252 Thread 0x000002717516b560 Thread added: 0x00000271707c0b20
Event: 33.292 Thread 0x00000271707c0b20 Thread exited: 0x00000271707c0b20
Event: 33.292 Thread 0x00000271707c0490 Thread exited: 0x00000271707c0490
Event: 33.292 Thread 0x00000271707bf0e0 Thread exited: 0x00000271707bf0e0
Event: 33.292 Thread 0x00000271707bf770 Thread exited: 0x00000271707bf770
Event: 33.292 Thread 0x00000271707bea50 Thread exited: 0x00000271707bea50
Event: 33.324 Thread 0x000002717589f710 Thread exited: 0x000002717589f710
Event: 36.581 Thread 0x000002717516aed0 Thread added: 0x00000271707c0b20
Event: 36.683 Thread 0x00000271707bc980 Thread added: 0x00000271707bea50
Event: 36.688 Thread 0x00000271707bea50 Thread added: 0x00000271707bf0e0
Event: 36.798 Thread 0x00000271707bf0e0 Thread added: 0x00000271707bf770
Event: 41.592 Thread 0x00000271707c0b20 Thread exited: 0x00000271707c0b20


Dynamic libraries:
0x00007ff673250000 - 0x00007ff67325e000 	c:\Users\DELL\.vscode\extensions\redhat.java-1.44.0-win32-x64\jre\21.0.8-win32-x86_64\bin\java.exe
0x00007ffbab640000 - 0x00007ffbab8a7000 	C:\WINDOWS\SYSTEM32\ntdll.dll
0x00007ffbaad40000 - 0x00007ffbaae09000 	C:\WINDOWS\System32\KERNEL32.DLL
0x00007ffba8db0000 - 0x00007ffba91a0000 	C:\WINDOWS\System32\KERNELBASE.dll
0x00007ffba8800000 - 0x00007ffba894b000 	C:\WINDOWS\System32\ucrtbase.dll
0x00007ffb96f20000 - 0x00007ffb96f3e000 	c:\Users\DELL\.vscode\extensions\redhat.java-1.44.0-win32-x64\jre\21.0.8-win32-x86_64\bin\VCRUNTIME140.dll
0x00007ffb9b340000 - 0x00007ffb9b358000 	c:\Users\DELL\.vscode\extensions\redhat.java-1.44.0-win32-x64\jre\21.0.8-win32-x86_64\bin\jli.dll
0x00007ffbaaf80000 - 0x00007ffbab145000 	C:\WINDOWS\System32\USER32.dll
0x00007ffb8f760000 - 0x00007ffb8f9fa000 	C:\WINDOWS\WinSxS\amd64_microsoft.windows.common-controls_6595b64144ccf1df_6.0.26100.4768_none_3e0c112ce331287c\COMCTL32.dll
0x00007ffba93a0000 - 0x00007ffba93c7000 	C:\WINDOWS\System32\win32u.dll
0x00007ffba9c50000 - 0x00007ffba9cf9000 	C:\WINDOWS\System32\msvcrt.dll
0x00007ffbaa340000 - 0x00007ffbaa36b000 	C:\WINDOWS\System32\GDI32.dll
0x00007ffba9260000 - 0x00007ffba9398000 	C:\WINDOWS\System32\gdi32full.dll
0x00007ffba91b0000 - 0x00007ffba9253000 	C:\WINDOWS\System32\msvcp_win.dll
0x00007ffba9db0000 - 0x00007ffba9ddf000 	C:\WINDOWS\System32\IMM32.DLL
0x00007ffba3090000 - 0x00007ffba309c000 	c:\Users\DELL\.vscode\extensions\redhat.java-1.44.0-win32-x64\jre\21.0.8-win32-x86_64\bin\vcruntime140_1.dll
0x00007ffb72750000 - 0x00007ffb727dd000 	c:\Users\DELL\.vscode\extensions\redhat.java-1.44.0-win32-x64\jre\21.0.8-win32-x86_64\bin\msvcp140.dll
0x00007ffb0de40000 - 0x00007ffb0ebd7000 	c:\Users\DELL\.vscode\extensions\redhat.java-1.44.0-win32-x64\jre\21.0.8-win32-x86_64\bin\server\jvm.dll
0x00007ffbaa280000 - 0x00007ffbaa334000 	C:\WINDOWS\System32\ADVAPI32.dll
0x00007ffbab340000 - 0x00007ffbab3e6000 	C:\WINDOWS\System32\sechost.dll
0x00007ffba9b20000 - 0x00007ffba9c38000 	C:\WINDOWS\System32\RPCRT4.dll
0x00007ffbaaa80000 - 0x00007ffbaaaf4000 	C:\WINDOWS\System32\WS2_32.dll
0x00007ffba85f0000 - 0x00007ffba864e000 	C:\WINDOWS\SYSTEM32\POWRPROF.dll
0x00007ffb90310000 - 0x00007ffb90345000 	C:\WINDOWS\SYSTEM32\WINMM.dll
0x00007ffb9f120000 - 0x00007ffb9f12b000 	C:\WINDOWS\SYSTEM32\VERSION.dll
0x00007ffba85d0000 - 0x00007ffba85e4000 	C:\WINDOWS\SYSTEM32\UMPDC.dll
0x00007ffba74f0000 - 0x00007ffba750b000 	C:\WINDOWS\SYSTEM32\kernel.appcore.dll
0x00007ffb9b450000 - 0x00007ffb9b45a000 	c:\Users\DELL\.vscode\extensions\redhat.java-1.44.0-win32-x64\jre\21.0.8-win32-x86_64\bin\jimage.dll
0x00007ffba5b00000 - 0x00007ffba5d41000 	C:\WINDOWS\SYSTEM32\DBGHELP.DLL
0x00007ffbaa370000 - 0x00007ffbaa6f5000 	C:\WINDOWS\System32\combase.dll
0x00007ffbaae10000 - 0x00007ffbaaef0000 	C:\WINDOWS\System32\OLEAUT32.dll
0x00007ffb8ee40000 - 0x00007ffb8ee83000 	C:\WINDOWS\SYSTEM32\dbgcore.DLL
0x00007ffba8950000 - 0x00007ffba89e9000 	C:\WINDOWS\System32\bcryptPrimitives.dll
0x00007ffb96ef0000 - 0x00007ffb96eff000 	c:\Users\DELL\.vscode\extensions\redhat.java-1.44.0-win32-x64\jre\21.0.8-win32-x86_64\bin\instrument.dll
0x00007ffb96b40000 - 0x00007ffb96b5f000 	c:\Users\DELL\.vscode\extensions\redhat.java-1.44.0-win32-x64\jre\21.0.8-win32-x86_64\bin\java.dll
0x00007ffba93d0000 - 0x00007ffba9b1d000 	C:\WINDOWS\System32\SHELL32.dll
0x00007ffba8b70000 - 0x00007ffba8ce3000 	C:\WINDOWS\System32\wintypes.dll
0x00007ffba6340000 - 0x00007ffba6ba0000 	C:\WINDOWS\SYSTEM32\windows.storage.dll
0x00007ffbab3f0000 - 0x00007ffbab4e5000 	C:\WINDOWS\System32\SHCORE.dll
0x00007ffbab590000 - 0x00007ffbab5fa000 	C:\WINDOWS\System32\shlwapi.dll
0x00007ffba8690000 - 0x00007ffba86b9000 	C:\WINDOWS\SYSTEM32\profapi.dll
0x00007ffb96b20000 - 0x00007ffb96b38000 	c:\Users\DELL\.vscode\extensions\redhat.java-1.44.0-win32-x64\jre\21.0.8-win32-x86_64\bin\zip.dll
0x00007ffb96ee0000 - 0x00007ffb96ef0000 	C:\Users\DELL\.vscode\extensions\redhat.java-1.44.0-win32-x64\jre\21.0.8-win32-x86_64\bin\net.dll
0x00007ffb9bce0000 - 0x00007ffb9bdfe000 	C:\WINDOWS\SYSTEM32\WINHTTP.dll
0x00007ffba7a80000 - 0x00007ffba7aeb000 	C:\WINDOWS\system32\mswsock.dll
0x00007ffb915b0000 - 0x00007ffb915c6000 	C:\Users\DELL\.vscode\extensions\redhat.java-1.44.0-win32-x64\jre\21.0.8-win32-x86_64\bin\nio.dll
0x00007ffb91680000 - 0x00007ffb91690000 	c:\Users\DELL\.vscode\extensions\redhat.java-1.44.0-win32-x64\jre\21.0.8-win32-x86_64\bin\verify.dll
0x00007ffb71c50000 - 0x00007ffb71c95000 	C:\Users\DELL\AppData\Roaming\Code\User\globalStorage\redhat.java\1.44.0\config_win\org.eclipse.equinox.launcher\org.eclipse.equinox.launcher.win32.win32.x86_64_1.2.1400.v20250730-1736\eclipse_11913.dll
0x00007ffbaab00000 - 0x00007ffbaaca0000 	C:\WINDOWS\System32\ole32.dll
0x00007ffb9b980000 - 0x00007ffb9b98a000 	C:\Users\DELL\.vscode\extensions\redhat.java-1.44.0-win32-x64\jre\21.0.8-win32-x86_64\bin\management.dll
0x00007ffb9b970000 - 0x00007ffb9b97b000 	C:\Users\DELL\.vscode\extensions\redhat.java-1.44.0-win32-x64\jre\21.0.8-win32-x86_64\bin\management_ext.dll
0x00007ffbaaf00000 - 0x00007ffbaaf08000 	C:\WINDOWS\System32\PSAPI.DLL
0x00007ffba7d40000 - 0x00007ffba7d5b000 	C:\WINDOWS\SYSTEM32\CRYPTSP.dll
0x00007ffba7430000 - 0x00007ffba746b000 	C:\WINDOWS\system32\rsaenh.dll
0x00007ffba7b20000 - 0x00007ffba7b4b000 	C:\WINDOWS\SYSTEM32\USERENV.dll
0x00007ffba8660000 - 0x00007ffba8686000 	C:\WINDOWS\SYSTEM32\bcrypt.dll
0x00007ffba7d60000 - 0x00007ffba7d6c000 	C:\WINDOWS\SYSTEM32\CRYPTBASE.dll
0x00007ffba6f00000 - 0x00007ffba6f33000 	C:\WINDOWS\SYSTEM32\IPHLPAPI.DLL
0x00007ffba9c40000 - 0x00007ffba9c4a000 	C:\WINDOWS\System32\NSI.dll
0x00007ffb71ad0000 - 0x00007ffb71b19000 	C:\Users\DELL\AppData\Local\Temp\jna-2094529\jna12061251293092645468.dll
0x00007ffb9be90000 - 0x00007ffb9beaf000 	C:\WINDOWS\SYSTEM32\dhcpcsvc6.DLL
0x00007ffb9b310000 - 0x00007ffb9b335000 	C:\WINDOWS\SYSTEM32\dhcpcsvc.DLL
0x00007ffb96b80000 - 0x00007ffb96b8e000 	C:\Users\DELL\.vscode\extensions\redhat.java-1.44.0-win32-x64\jre\21.0.8-win32-x86_64\bin\sunmscapi.dll
0x00007ffba89f0000 - 0x00007ffba8b67000 	C:\WINDOWS\System32\CRYPT32.dll
0x00007ffba7f60000 - 0x00007ffba7f90000 	C:\WINDOWS\SYSTEM32\ncrypt.dll
0x00007ffba7f10000 - 0x00007ffba7f4f000 	C:\WINDOWS\SYSTEM32\NTASN1.dll
0x00007ffba6fa0000 - 0x00007ffba70c6000 	C:\WINDOWS\SYSTEM32\DNSAPI.dll
0x00007ffb99410000 - 0x00007ffb9941b000 	C:\Windows\System32\rasadhlp.dll
0x00007ffb99870000 - 0x00007ffb998f6000 	C:\WINDOWS\System32\fwpuclnt.dll
0x00007ffb96b70000 - 0x00007ffb96b79000 	C:\Users\DELL\.vscode\extensions\redhat.java-1.44.0-win32-x64\jre\21.0.8-win32-x86_64\bin\extnet.dll

JVMTI agents:
c:\Users\DELL\.vscode\extensions\redhat.java-1.44.0-win32-x64\lombok\lombok-1.18.39-4050.jar path:c:\Users\DELL\.vscode\extensions\redhat.java-1.44.0-win32-x64\jre\21.0.8-win32-x86_64\bin\instrument.dll, loaded, initialized, instrumentlib options:none

dbghelp: loaded successfully - version: 4.0.5 - missing functions: none
symbol engine: initialized successfully - sym options: 0x614 - pdb path: .;c:\Users\DELL\.vscode\extensions\redhat.java-1.44.0-win32-x64\jre\21.0.8-win32-x86_64\bin;C:\WINDOWS\SYSTEM32;C:\WINDOWS\WinSxS\amd64_microsoft.windows.common-controls_6595b64144ccf1df_6.0.26100.4768_none_3e0c112ce331287c;c:\Users\DELL\.vscode\extensions\redhat.java-1.44.0-win32-x64\jre\21.0.8-win32-x86_64\bin\server;C:\Users\DELL\AppData\Roaming\Code\User\globalStorage\redhat.java\1.44.0\config_win\org.eclipse.equinox.launcher\org.eclipse.equinox.launcher.win32.win32.x86_64_1.2.1400.v20250730-1736;C:\Users\DELL\AppData\Local\Temp\jna-2094529

VM Arguments:
jvm_args: --add-modules=ALL-SYSTEM --add-opens=java.base/java.util=ALL-UNNAMED --add-opens=java.base/java.lang=ALL-UNNAMED --add-opens=java.base/sun.nio.fs=ALL-UNNAMED -Declipse.application=org.eclipse.jdt.ls.core.id1 -Dosgi.bundles.defaultStartLevel=4 -Declipse.product=org.eclipse.jdt.ls.core.product -Djava.import.generatesMetadataFilesAtProjectRoot=false -DDetectVMInstallationsJob.disabled=true -Dfile.encoding=utf8 -XX:+UseParallelGC -XX:GCTimeRatio=4 -XX:AdaptiveSizePolicyWeight=90 -Dsun.zip.disableMemoryMapping=true -Xmx2G -Xms100m -Xlog:disable -javaagent:c:\Users\DELL\.vscode\extensions\redhat.java-1.44.0-win32-x64\lombok\lombok-1.18.39-4050.jar -XX:+HeapDumpOnOutOfMemoryError -XX:HeapDumpPath=c:\Users\DELL\AppData\Roaming\Code\User\workspaceStorage\f735cf8039545623b352e0a6feb27a3d\redhat.java -Daether.dependencyCollector.impl=bf 
java_command: c:\Users\DELL\.vscode\extensions\redhat.java-1.44.0-win32-x64\server\plugins\org.eclipse.equinox.launcher_1.7.0.v20250519-0528.jar -configuration c:\Users\DELL\AppData\Roaming\Code\User\globalStorage\redhat.java\1.44.0\config_win -data c:\Users\DELL\AppData\Roaming\Code\User\workspaceStorage\f735cf8039545623b352e0a6feb27a3d\redhat.java\jdt_ws --pipe=\\.\pipe\lsp-85527813696abe2d3b81903dac8c6f72-sock
java_class_path (initial): c:\Users\DELL\.vscode\extensions\redhat.java-1.44.0-win32-x64\server\plugins\org.eclipse.equinox.launcher_1.7.0.v20250519-0528.jar
Launcher Type: SUN_STANDARD

[Global flags]
    uintx AdaptiveSizePolicyWeight                 = 90                                        {product} {command line}
     intx CICompilerCount                          = 4                                         {product} {ergonomic}
    uintx GCTimeRatio                              = 4                                         {product} {command line}
     bool HeapDumpOnOutOfMemoryError               = true                                   {manageable} {command line}
    ccstr HeapDumpPath                             = c:\Users\DELL\AppData\Roaming\Code\User\workspaceStorage\f735cf8039545623b352e0a6feb27a3d\redhat.java         {manageable} {command line}
   size_t InitialHeapSize                          = 104857600                                 {product} {command line}
   size_t MaxHeapSize                              = 2147483648                                {product} {command line}
   size_t MaxNewSize                               = 715653120                                 {product} {ergonomic}
   size_t MinHeapDeltaBytes                        = 524288                                    {product} {ergonomic}
   size_t MinHeapSize                              = 104857600                                 {product} {command line}
   size_t NewSize                                  = 34603008                                  {product} {ergonomic}
    uintx NonNMethodCodeHeapSize                   = 5839372                                {pd product} {ergonomic}
    uintx NonProfiledCodeHeapSize                  = 122909434                              {pd product} {ergonomic}
   size_t OldSize                                  = 70254592                                  {product} {ergonomic}
    uintx ProfiledCodeHeapSize                     = 122909434                              {pd product} {ergonomic}
    uintx ReservedCodeCacheSize                    = 251658240                              {pd product} {ergonomic}
     bool SegmentedCodeCache                       = true                                      {product} {ergonomic}
   size_t SoftMaxHeapSize                          = 2147483648                             {manageable} {ergonomic}
     bool UseCompressedOops                        = true                           {product lp64_product} {ergonomic}
     bool UseLargePagesIndividualAllocation        = false                                  {pd product} {ergonomic}
     bool UseParallelGC                            = true                                      {product} {command line}

Logging:
Log output configuration:
 #0: stdout all=off uptime,level,tags foldmultilines=false
 #1: stderr all=off uptime,level,tags foldmultilines=false

Environment Variables:
JAVA_HOME=C:\Program Files\Eclipse Adoptium\jdk-17.0.16.8-hotspot\
PATH=C:\Python313\Scripts\;C:\Python313\;C:\Program Files\Eclipse Adoptium\jdk-17.0.16.8-hotspot\bin;C:\Program Files\Eclipse Adoptium\jdk-17.0.16.8-hotspot\\bin;C:\Program Files\Python37\Scripts\;C:\Program Files\Python37\;C:\WINDOWS\system32;C:\WINDOWS;C:\WINDOWS\System32\Wbem;C:\WINDOWS\System32\WindowsPowerShell\v1.0\;C:\WINDOWS\System32\OpenSSH\;C:\Program Files\dotnet\;C:\Program Files\MySQL\MySQL Server 8.0\bin;C:\Program Files\Common Files\Oracle\Java\javapath;C:\Program Files\Git\cmd;C:\Program Files\Java\jdk-24\bin;C:\Users\DELL\Downloads\apache-maven-3.9.11-bin\apache-maven-3.9.11\bin;C:\Program Files\nodejs\;C:\ProgramData\chocolatey\bin;C:\Program Files\MySQL\MySQL Shell 8.0\bin\;C:\Users\DELL\AppData\Local\Microsoft\WindowsApps;C:\Program Files\JetBrains\IntelliJ IDEA Community Edition 2024.2.3\bin;;C:\Users\DELL\AppData\Local\Programs\Microsoft VS Code\bin;C:\mysql-connector-j-9.4.0.jar;C:\Program Files\JetBrains\IntelliJ IDEA 2025.2\bin;C:\Users\DELL\AppData\Roaming\npm
USERNAME=DELL
OS=Windows_NT
PROCESSOR_IDENTIFIER=Intel64 Family 6 Model 126 Stepping 5, GenuineIntel
TMP=C:\Users\DELL\AppData\Local\Temp
TEMP=C:\Users\DELL\AppData\Local\Temp




Periodic native trim disabled

---------------  S Y S T E M  ---------------

OS:
 Windows 11 , 64 bit Build 26100 (10.0.26100.4768)
OS uptime: 0 days 7:32 hours
Hyper-V role detected

CPU: total 8 (initial active 8) (4 cores per cpu, 2 threads per core) family 6 model 126 stepping 5 microcode 0xc2, cx8, cmov, fxsr, ht, mmx, 3dnowpref, sse, sse2, sse3, ssse3, sse4.1, sse4.2, popcnt, lzcnt, tsc, tscinvbit, avx, avx2, aes, erms, clmul, bmi1, bmi2, adx, avx512f, avx512dq, avx512cd, avx512bw, avx512vl, sha, fma, vzeroupper, avx512_vpopcntdq, avx512_vpclmulqdq, avx512_vaes, avx512_vnni, clflush, clflushopt, avx512_vbmi2, avx512_vbmi, hv, rdtscp, rdpid, fsrm, gfni, avx512_bitalg, f16c, avx512_ifma
Processor Information for the first 8 processors :
  Max Mhz: 1190, Current Mhz: 991, Mhz Limit: 987

Memory: 4k page, system-wide physical 3863M (164M free)
TotalPageFile size 15639M (AvailPageFile size 212M)
current process WorkingSet (physical memory assigned to process): 167M, peak: 412M
current process commit charge ("private bytes"): 918M, peak: 920M

vm_info: OpenJDK 64-Bit Server VM (21.0.8+9-LTS) for windows-amd64 JRE (21.0.8+9-LTS), built on 2025-07-15T00:00:00Z by "admin" with MS VC++ 17.7 (VS2022)

END.
